<?xml version="1.0" encoding="UTF-8"?>
<testsuite xmlns:xsi="http://www.w3.org/2001/XMLSchema-instance" xsi:noNamespaceSchemaLocation="https://maven.apache.org/surefire/maven-surefire-plugin/xsd/surefire-test-report-3.0.xsd" version="3.0" name="com.example.notify.it.SendDispatchRetrySuccessIT" time="6.983" tests="1" errors="0" skipped="0" failures="0">
  <properties>
[...]
</properties>
  <testcase name="deliveryEventuallySucceedsAfterTwoSimulatedTransientFailures" classname="com.example.notify.it.SendDispatchRetrySuccessIT" time="3.922">
    <system-out><![CDATA[01:28:00.845 [main] INFO org.springframework.test.context.support.AnnotationConfigContextLoaderUtils -- Could not detect default configuration classes for test class [com.example.notify.it.SendDispatchRetrySuccessIT]: SendDispatchRetrySuccessIT does not declare any static, non-private, non-final, nested classes annotated with @Configuration.
01:28:00.900 [main] INFO org.springframework.boot.test.context.SpringBootTestContextBootstrapper -- Found @SpringBootConfiguration com.example.notify.NotifyApplication for test class com.example.notify.it.SendDispatchRetrySuccessIT

  .   ____          _            __ _ _
 /\\ / ___'_ __ _ _(_)_ __  __ _ \ \ \ \
( ( )\___ | '_ | '_| | '_ \/ _` | \ \ \ \
 \\/  ___)| |_)| | | | | || (_| |  ) ) ) )
  '  |____| .__|_| |_|_| |_\__, | / / / /
 =========|_|==============|___/=/_/_/_/

 :: Spring Boot ::                (v3.3.4)

2026-07-22T01:28:01.096+05:30  INFO 14143 --- [notify-service] [           main] c.e.n.it.SendDispatchRetrySuccessIT      : Starting SendDispatchRetrySuccessIT using Java 21.0.8 with PID 14143 (started by aayushgogia in /Users/aayushgogia/Work/github_personal/dmg_submission)
2026-07-22T01:28:01.097+05:30  INFO 14143 --- [notify-service] [           main] c.e.n.it.SendDispatchRetrySuccessIT      : The following 1 profile is active: "test"
2026-07-22T01:28:01.419+05:30  INFO 14143 --- [notify-service] [           main] .s.d.r.c.RepositoryConfigurationDelegate : Bootstrapping Spring Data JPA repositories in DEFAULT mode.
2026-07-22T01:28:01.450+05:30  INFO 14143 --- [notify-service] [           main] .s.d.r.c.RepositoryConfigurationDelegate : Finished Spring Data repository scanning in 27 ms. Found 9 JPA repository interfaces.
2026-07-22T01:28:01.750+05:30  INFO 14143 --- [notify-service] [           main] o.s.b.w.embedded.tomcat.TomcatWebServer  : Tomcat initialized with port 0 (http)
2026-07-22T01:28:01.758+05:30  INFO 14143 --- [notify-service] [           main] o.apache.catalina.core.StandardService   : Starting service [Tomcat]
2026-07-22T01:28:01.758+05:30  INFO 14143 --- [notify-service] [           main] o.apache.catalina.core.StandardEngine    : Starting Servlet engine: [Apache Tomcat/10.1.30]
2026-07-22T01:28:01.777+05:30  INFO 14143 --- [notify-service] [           main] o.a.c.c.C.[Tomcat].[localhost].[/]       : Initializing Spring embedded WebApplicationContext
2026-07-22T01:28:01.777+05:30  INFO 14143 --- [notify-service] [           main] w.s.c.ServletWebServerApplicationContext : Root WebApplicationContext: initialization completed in 670 ms
2026-07-22T01:28:01.894+05:30  INFO 14143 --- [notify-service] [           main] com.zaxxer.hikari.HikariDataSource       : HikariPool-1 - Starting...
2026-07-22T01:28:01.973+05:30  INFO 14143 --- [notify-service] [           main] com.zaxxer.hikari.pool.HikariPool        : HikariPool-1 - Added connection conn0: url=jdbc:h2:mem:notify-test-b46cdcfa-37c0-4ec0-9ce3-1256c41424e6 user=SA
2026-07-22T01:28:01.973+05:30  INFO 14143 --- [notify-service] [           main] com.zaxxer.hikari.HikariDataSource       : HikariPool-1 - Start completed.
2026-07-22T01:28:01.994+05:30  INFO 14143 --- [notify-service] [           main] org.flywaydb.core.FlywayExecutor         : Database: jdbc:h2:mem:notify-test-b46cdcfa-37c0-4ec0-9ce3-1256c41424e6 (H2 2.2)
2026-07-22T01:28:01.996+05:30  WARN 14143 --- [notify-service] [           main] o.f.c.internal.database.base.Database    : Flyway upgrade recommended: H2 2.2.224 is newer than this version of Flyway and support has not been tested. The latest supported version of H2 is 2.2.220.
2026-07-22T01:28:02.003+05:30  INFO 14143 --- [notify-service] [           main] o.f.c.i.s.JdbcTableSchemaHistory         : Schema history table "PUBLIC"."flyway_schema_history" does not exist yet
2026-07-22T01:28:02.004+05:30  INFO 14143 --- [notify-service] [           main] o.f.core.internal.command.DbValidate     : Successfully validated 2 migrations (execution time 00:00.004s)
2026-07-22T01:28:02.007+05:30  INFO 14143 --- [notify-service] [           main] o.f.c.i.s.JdbcTableSchemaHistory         : Creating Schema History table "PUBLIC"."flyway_schema_history" ...
2026-07-22T01:28:02.019+05:30  INFO 14143 --- [notify-service] [           main] o.f.core.internal.command.DbMigrate      : Current version of schema "PUBLIC": << Empty Schema >>
2026-07-22T01:28:02.026+05:30  INFO 14143 --- [notify-service] [           main] o.f.core.internal.command.DbMigrate      : Migrating schema "PUBLIC" to version "1 - init schema"
2026-07-22T01:28:02.044+05:30  INFO 14143 --- [notify-service] [           main] o.f.core.internal.command.DbMigrate      : Migrating schema "PUBLIC" to version "2 - seed global settings"
2026-07-22T01:28:02.047+05:30  INFO 14143 --- [notify-service] [           main] o.f.core.internal.command.DbMigrate      : Successfully applied 2 migrations to schema "PUBLIC", now at version v2 (execution time 00:00.013s)
2026-07-22T01:28:02.091+05:30  INFO 14143 --- [notify-service] [           main] o.hibernate.jpa.internal.util.LogHelper  : HHH000204: Processing PersistenceUnitInfo [name: default]
2026-07-22T01:28:02.119+05:30  INFO 14143 --- [notify-service] [           main] org.hibernate.Version                    : HHH000412: Hibernate ORM core version 6.5.3.Final
2026-07-22T01:28:02.134+05:30  INFO 14143 --- [notify-service] [           main] o.h.c.internal.RegionFactoryInitiator    : HHH000026: Second-level cache disabled
2026-07-22T01:28:02.249+05:30  INFO 14143 --- [notify-service] [           main] o.s.o.j.p.SpringPersistenceUnitInfo      : No LoadTimeWeaver setup: ignoring JPA class transformer
2026-07-22T01:28:02.680+05:30  INFO 14143 --- [notify-service] [           main] o.h.e.t.j.p.i.JtaPlatformInitiator       : HHH000489: No JTA platform available (set 'hibernate.transaction.jta.platform' to enable JTA platform integration)
2026-07-22T01:28:02.689+05:30  INFO 14143 --- [notify-service] [           main] j.LocalContainerEntityManagerFactoryBean : Initialized JPA EntityManagerFactory for persistence unit 'default'
2026-07-22T01:28:02.860+05:30  INFO 14143 --- [notify-service] [           main] o.s.d.j.r.query.QueryEnhancerFactory     : Hibernate is in classpath; If applicable, HQL parser will be used.
2026-07-22T01:28:03.310+05:30  INFO 14143 --- [notify-service] [           main] r$InitializeUserDetailsManagerConfigurer : Global AuthenticationManager configured with UserDetailsService bean with name appUserDetailsService
2026-07-22T01:28:03.672+05:30  INFO 14143 --- [notify-service] [           main] o.s.b.w.embedded.tomcat.TomcatWebServer  : Tomcat started on port 54413 (http) with context path '/'
2026-07-22T01:28:03.678+05:30  INFO 14143 --- [notify-service] [           main] c.e.n.it.SendDispatchRetrySuccessIT      : Started SendDispatchRetrySuccessIT in 2.721 seconds (process running for 3.186)
2026-07-22T01:28:03.828+05:30  INFO 14143 --- [notify-service] [           main] c.e.notify.security.PlatformAdminSeeder  : Seeded bootstrap platform admin user 'platform-admin'. See README for the placeholder password.
2026-07-22T01:28:04.181+05:30  INFO 14143 --- [notify-service] [o-auto-1-exec-1] o.a.c.c.C.[Tomcat].[localhost].[/]       : Initializing Spring DispatcherServlet 'dispatcherServlet'
2026-07-22T01:28:04.181+05:30  INFO 14143 --- [notify-service] [o-auto-1-exec-1] o.s.web.servlet.DispatcherServlet        : Initializing Servlet 'dispatcherServlet'
2026-07-22T01:28:04.182+05:30  INFO 14143 --- [notify-service] [o-auto-1-exec-1] o.s.web.servlet.DispatcherServlet        : Completed initialization in 1 ms
2026-07-22T01:28:04.897+05:30  INFO 14143 --- [notify-service] [spatch-worker-1] c.e.n.channel.AbstractSimulatedSender    : [SMS] simulated deterministic failure (attempt 1 <= failUntilAttempt 2) to=+15551234567 attemptToken=c0b53848-5ff3-49e2-85bb-bbf8d07742d3
2026-07-22T01:28:05.940+05:30  INFO 14143 --- [notify-service] [spatch-worker-2] c.e.n.channel.AbstractSimulatedSender    : [SMS] simulated deterministic failure (attempt 2 <= failUntilAttempt 2) to=+15551234567 attemptToken=6f98ae9d-7e33-4bcb-b396-3075a63fba7b
2026-07-22T01:28:07.408+05:30  INFO 14143 --- [notify-service] [spatch-worker-3] c.e.n.channel.AbstractSimulatedSender    : [SMS] sent to=+15551234567 subject=null attemptToken=6129293e-bc54-4974-bb59-d3f636b0f377
]]></system-out>
    <system-err><![CDATA[WARNING: A Java agent has been loaded dynamically (/Users/aayushgogia/.m2/repository/net/bytebuddy/byte-buddy-agent/1.14.19/byte-buddy-agent-1.14.19.jar)
WARNING: If a serviceability tool is in use, please run with -XX:+EnableDynamicAgentLoading to hide this warning
WARNING: If a serviceability tool is not in use, please run with -Djdk.instrument.traceUsage for more information
WARNING: Dynamic loading of agents will be disallowed by default in a future release
]]></system-err>
  </testcase>
</testsuite>